acs/app/build/intermediates/manifest_merge_blame_file/debug/manifest-merger-blame-debug-report.txt
1<?xml version="1.0" encoding="utf-8"?>
2<manifest xmlns:android="http://schemas.android.com/apk/res/android"
3    package="com.example.acs"
4    android:versionCode="1"
5    android:versionName="1.0" >
6
7    <uses-sdk
8        android:minSdkVersion="31"
8-->src\main\AndroidManifest.xml
9        android:targetSdkVersion="32" />
9-->src\main\AndroidManifest.xml
10
11    <application
11-->src\main\AndroidManifest.xml:5:5-61:19
12        android:allowBackup="true"
12-->src\main\AndroidManifest.xml:6:9-35
13        android:appComponentFactory="androidx.core.app.CoreComponentFactory"
13-->[androidx.core:core:1.8.0] AndroidManifest.xml:24:18-86
14        android:dataExtractionRules="@xml/data_extraction_rules"
14-->src\main\AndroidManifest.xml:7:9-65
15        android:debuggable="true"
16        android:extractNativeLibs="false"
17        android:fullBackupContent="@xml/backup_rules"
17-->src\main\AndroidManifest.xml:8:9-54
18        android:icon="@mipmap/ic_launcher"
18-->src\main\AndroidManifest.xml:9:9-43
19        android:label="@string/app_name"
19-->src\main\AndroidManifest.xml:10:9-41
20        android:roundIcon="@mipmap/ic_launcher_round"
20-->src\main\AndroidManifest.xml:11:9-54
21        android:supportsRtl="true"
21-->src\main\AndroidManifest.xml:12:9-35
22        android:testOnly="true"
23        android:theme="@style/Theme.Acs" >
23-->src\main\AndroidManifest.xml:13:9-41
24        <activity
24-->src\main\AndroidManifest.xml:15:9-21:20
25            android:name="com.example.acs.activity.Recycle"
25-->src\main\AndroidManifest.xml:16:13-45
26            android:exported="false" >
26-->src\main\AndroidManifest.xml:17:13-37
27            <meta-data
27-->src\main\AndroidManifest.xml:18:13-20:36
28                android:name="android.app.lib_name"
28-->src\main\AndroidManifest.xml:19:17-52
29                android:value="" />
29-->src\main\AndroidManifest.xml:20:17-33
30        </activity>
31        <activity
31-->src\main\AndroidManifest.xml:22:9-28:20
32            android:name="com.example.acs.activity.listas"
32-->src\main\AndroidManifest.xml:23:13-44
33            android:exported="false" >
33-->src\main\AndroidManifest.xml:24:13-37
34            <meta-data
34-->src\main\AndroidManifest.xml:18:13-20:36
35                android:name="android.app.lib_name"
35-->src\main\AndroidManifest.xml:19:17-52
36                android:value="" />
36-->src\main\AndroidManifest.xml:20:17-33
37        </activity>
38        <activity
38-->src\main\AndroidManifest.xml:29:9-37:20
39            android:name="com.example.acs.activity.Atualizacoes"
39-->src\main\AndroidManifest.xml:30:13-50
40            android:exported="false"
40-->src\main\AndroidManifest.xml:31:13-37
41            android:label="@string/title_activity_atualizacoes"
41-->src\main\AndroidManifest.xml:32:13-64
42            android:theme="@style/Theme.Acs.NoActionBar" >
42-->src\main\AndroidManifest.xml:33:13-57
43            <meta-data
43-->src\main\AndroidManifest.xml:18:13-20:36
44                android:name="android.app.lib_name"
44-->src\main\AndroidManifest.xml:19:17-52
45                android:value="" />
45-->src\main\AndroidManifest.xml:20:17-33
46        </activity>
47        <activity
47-->src\main\AndroidManifest.xml:38:9-44:20
48            android:name="com.example.acs.activity.Infos"
48-->src\main\AndroidManifest.xml:39:13-43
49            android:exported="false" >
49-->src\main\AndroidManifest.xml:40:13-37
50            <meta-data
50-->src\main\AndroidManifest.xml:18:13-20:36
51                android:name="android.app.lib_name"
51-->src\main\AndroidManifest.xml:19:17-52
52                android:value="" />
52-->src\main\AndroidManifest.xml:20:17-33
53        </activity>
54        <activity
54-->src\main\AndroidManifest.xml:45:9-60:20
55            android:name="com.example.acs.activity.MainActivity"
55-->src\main\AndroidManifest.xml:46:13-50
56            android:exported="true"
56-->src\main\AndroidManifest.xml:47:13-36
57            android:screenOrientation="portrait" >
57-->src\main\AndroidManifest.xml:48:13-49
58
59            <!-- - scrernOrientation == é a orientação da tela -->
60            <intent-filter>
60-->src\main\AndroidManifest.xml:51:13-55:29
61                <action android:name="android.intent.action.MAIN" />
61-->src\main\AndroidManifest.xml:52:17-69
61-->src\main\AndroidManifest.xml:52:25-66
62
63                <category android:name="android.intent.category.LAUNCHER" />
63-->src\main\AndroidManifest.xml:54:17-77
63-->src\main\AndroidManifest.xml:54:27-74
64            </intent-filter>
65
66            <meta-data
66-->src\main\AndroidManifest.xml:18:13-20:36
67                android:name="android.app.lib_name"
67-->src\main\AndroidManifest.xml:19:17-52
68                android:value="" />
68-->src\main\AndroidManifest.xml:20:17-33
69        </activity>
70
71        <provider
71-->[androidx.emoji2:emoji2:1.2.0] AndroidManifest.xml:24:9-32:20
72            android:name="androidx.startup.InitializationProvider"
72-->[androidx.emoji2:emoji2:1.2.0] AndroidManifest.xml:25:13-67
73            android:authorities="com.example.acs.androidx-startup"
73-->[androidx.emoji2:emoji2:1.2.0] AndroidManifest.xml:26:13-68
74            android:exported="false" >
74-->[androidx.emoji2:emoji2:1.2.0] AndroidManifest.xml:27:13-37
75            <meta-data
75-->[androidx.emoji2:emoji2:1.2.0] AndroidManifest.xml:29:13-31:52
76                android:name="androidx.emoji2.text.EmojiCompatInitializer"
76-->[androidx.emoji2:emoji2:1.2.0] AndroidManifest.xml:30:17-75
77                android:value="androidx.startup" />
77-->[androidx.emoji2:emoji2:1.2.0] AndroidManifest.xml:31:17-49
78            <meta-data
78-->[androidx.lifecycle:lifecycle-process:2.4.1] AndroidManifest.xml:31:13-33:52
79                android:name="androidx.lifecycle.ProcessLifecycleInitializer"
79-->[androidx.lifecycle:lifecycle-process:2.4.1] AndroidManifest.xml:32:17-78
80                android:value="androidx.startup" />
80-->[androidx.lifecycle:lifecycle-process:2.4.1] AndroidManifest.xml:33:17-49
81        </provider>
82
83        <uses-library
83-->[androidx.window:window:1.0.0] AndroidManifest.xml:25:9-27:40
84            android:name="androidx.window.extensions"
84-->[androidx.window:window:1.0.0] AndroidManifest.xml:26:13-54
85            android:required="false" />
85-->[androidx.window:window:1.0.0] AndroidManifest.xml:27:13-37
86        <uses-library
86-->[androidx.window:window:1.0.0] AndroidManifest.xml:28:9-30:40
87            android:name="androidx.window.sidecar"
87-->[androidx.window:window:1.0.0] AndroidManifest.xml:29:13-51
88            android:required="false" />
88-->[androidx.window:window:1.0.0] AndroidManifest.xml:30:13-37
89    </application>
90
91</manifest>